Using pre-set license
Built from '2020.3/staging' branch; Version is '2020.3.19f1 (68f137dc9bbe) revision 6877495'; Using compiler version '192528614'; Build Type 'Release'
OS: 'Windows 10 Pro; OS build 19043.1237; Version 2009; 64bit' Language: 'es' Physical Memory: 16342 MB
BatchMode: 1, IsHumanControllingUs: 0, StartBugReporterOnCrash: 0, Is64bit: 1, IsPro: 0

COMMAND LINE ARGUMENTS:
C:\Program Files\Unity\Hub\Editor\2020.3.19f1\Editor\Unity.exe
-adb2
-batchMode
-noUpm
-name
AssetImportWorker0
-projectPath
D:/Marc Carrot/Marc_Carrot_Tema_1/ENTREGABLE1
-logFile
Logs/AssetImportWorker0.log
-srvPort
60609
Successfully changed project path to: D:/Marc Carrot/Marc_Carrot_Tema_1/ENTREGABLE1
D:/Marc Carrot/Marc_Carrot_Tema_1/ENTREGABLE1
Using Asset Import Pipeline V2.
Refreshing native plugins compatible for Editor in 30.84 ms, found 2 plugins.
Preloading 0 native plugins for Editor in 0.00 ms.
Initialize engine version: 2020.3.19f1 (68f137dc9bbe)
[Subsystems] Discovering subsystems at path C:/Program Files/Unity/Hub/Editor/2020.3.19f1/Editor/Data/Resources/UnitySubsystems
[Subsystems] Discovering subsystems at path D:/Marc Carrot/Marc_Carrot_Tema_1/ENTREGABLE1/Assets
GfxDevice: creating device client; threaded=0
Direct3D:
    Version:  Direct3D 11.0 [level 11.1]
    Renderer: NVIDIA GeForce GTX 1050 Ti (ID=0x1c82)
    Vendor:   
    VRAM:     4018 MB
    Driver:   27.21.14.5671
Initialize mono
Mono path[0] = 'C:/Program Files/Unity/Hub/Editor/2020.3.19f1/Editor/Data/Managed'
Mono path[1] = 'C:/Program Files/Unity/Hub/Editor/2020.3.19f1/Editor/Data/MonoBleedingEdge/lib/mono/unityjit'
Mono config path = 'C:/Program Files/Unity/Hub/Editor/2020.3.19f1/Editor/Data/MonoBleedingEdge/etc'
Using monoOptions --debugger-agent=transport=dt_socket,embedding=1,server=y,suspend=n,address=127.0.0.1:56416
Begin MonoManager ReloadAssembly
Registering precompiled unity dll's ...
Register platform support module: C:/Program Files/Unity/Hub/Editor/2020.3.19f1/Editor/Data/PlaybackEngines/WindowsStandaloneSupport/UnityEditor.WindowsStandalone.Extensions.dll
Registered in 0.001853 seconds.
Native extension for WindowsStandalone target not found
Refreshing native plugins compatible for Editor in 28.74 ms, found 2 plugins.
Preloading 0 native plugins for Editor in 0.00 ms.
Mono: successfully reloaded assembly
- Completed reload, in  1.088 seconds
Domain Reload Profiling:
	ReloadAssembly (1088ms)
		BeginReloadAssembly (57ms)
			ExecutionOrderSort (0ms)
			DisableScriptedObjects (0ms)
			BackupInstance (0ms)
			ReleaseScriptingObjects (0ms)
			CreateAndSetChildDomain (1ms)
		EndReloadAssembly (420ms)
			LoadAssemblies (55ms)
			RebuildTransferFunctionScriptingTraits (0ms)
			SetupTypeCache (162ms)
			ReleaseScriptCaches (0ms)
			RebuildScriptCaches (32ms)
			SetupLoadedEditorAssemblies (154ms)
				LogAssemblyErrors (0ms)
				InitializePlatformSupportModulesInManaged (4ms)
				SetLoadedEditorAssemblies (0ms)
				RefreshPlugins (29ms)
				BeforeProcessingInitializeOnLoad (9ms)
				ProcessInitializeOnLoadAttributes (83ms)
				ProcessInitializeOnLoadMethodAttributes (30ms)
				AfterProcessingInitializeOnLoad (0ms)
				EditorAssembliesLoaded (0ms)
			ExecutionOrderSort2 (0ms)
			AwakeInstancesAfterBackupRestoration (0ms)
Platform modules already initialized, skipping
Registering precompiled user dll's ...
Registered in 0.001769 seconds.
Begin MonoManager ReloadAssembly
Native extension for WindowsStandalone target not found
Refreshing native plugins compatible for Editor in 0.31 ms, found 2 plugins.
Preloading 0 native plugins for Editor in 0.00 ms.
Mono: successfully reloaded assembly
- Completed reload, in  1.014 seconds
Domain Reload Profiling:
	ReloadAssembly (1014ms)
		BeginReloadAssembly (148ms)
			ExecutionOrderSort (0ms)
			DisableScriptedObjects (5ms)
			BackupInstance (0ms)
			ReleaseScriptingObjects (0ms)
			CreateAndSetChildDomain (18ms)
		EndReloadAssembly (805ms)
			LoadAssemblies (86ms)
			RebuildTransferFunctionScriptingTraits (0ms)
			SetupTypeCache (285ms)
			ReleaseScriptCaches (0ms)
			RebuildScriptCaches (42ms)
			SetupLoadedEditorAssemblies (295ms)
				LogAssemblyErrors (0ms)
				InitializePlatformSupportModulesInManaged (5ms)
				SetLoadedEditorAssemblies (0ms)
				RefreshPlugins (0ms)
				BeforeProcessingInitializeOnLoad (53ms)
				ProcessInitializeOnLoadAttributes (226ms)
				ProcessInitializeOnLoadMethodAttributes (5ms)
				AfterProcessingInitializeOnLoad (6ms)
				EditorAssembliesLoaded (0ms)
			ExecutionOrderSort2 (0ms)
			AwakeInstancesAfterBackupRestoration (7ms)
Platform modules already initialized, skipping
========================================================================
Worker process is ready to serve import requests
Launched and connected shader compiler UnityShaderCompiler.exe after 0.04 seconds
Refreshing native plugins compatible for Editor in 0.32 ms, found 2 plugins.
Preloading 0 native plugins for Editor in 0.00 ms.
Unloading 1397 Unused Serialized files (Serialized files now loaded: 0)
System memory in use before: 64.8 MB.
System memory in use after: 64.9 MB.

Unloading 16 unused Assets to reduce memory usage. Loaded Objects now: 1832.
Total: 2.751300 ms (FindLiveObjects: 0.142200 ms CreateObjectMapping: 0.046500 ms MarkObjects: 2.463900 ms  DeleteObjects: 0.097800 ms)

AssetImportParameters requested are different than current active one (requested -> active):
  custom:framework-win-MediaFoundation: 216162199b28c13a410421893ffa2e32 -> 
  custom:video-decoder-ogg-theora: a1e56fd34408186e4bbccfd4996cb3dc -> 
  custom:container-muxer-webm: aa71ff27fc2769a1b78a27578f13a17b -> 
  custom:container-demuxer-webm: 4f35f7cbe854078d1ac9338744f61a02 -> 
  custom:container-demuxer-ogg: 62fdf1f143b41e24485cea50d1cbac27 -> 
  custom:video-encoder-webm-vp8: eb34c28f22e8b96e1ab97ce403110664 -> 
  custom:video-decoder-webm-vp8: 9c59270c3fd7afecdb556c50c9e8de78 -> 
  custom:audio-decoder-ogg-vorbis: bf7c407c2cedff20999df2af8eb42d56 -> 
  custom:audio-encoder-webm-vorbis: bf7c407c2cedff20999df2af8eb42d56 -> 
========================================================================
Received Import Request.
  path: Assets/Scenes
  artifactKey: Guid(d057fd8db4844f648b359c420a1ce71e) Importer(815301076,1909f56bfc062723c751e8b465ee728b)
Start importing Assets/Scenes using Guid(d057fd8db4844f648b359c420a1ce71e) Importer(815301076,1909f56bfc062723c751e8b465ee728b)  -> (artifact id: 'a1faa24de14e3b3f8aaa8b65d2a5ce60') in 0.002954 seconds 
  Import took 0.004934 seconds .

========================================================================
Received Import Request.
  Time since last request: 2.069438 seconds.
  path: Assets/Scenes/MATERIALS
  artifactKey: Guid(af67c9a249fe25a4f9b30e9f4e188e9f) Importer(815301076,1909f56bfc062723c751e8b465ee728b)
Start importing Assets/Scenes/MATERIALS using Guid(af67c9a249fe25a4f9b30e9f4e188e9f) Importer(815301076,1909f56bfc062723c751e8b465ee728b)  -> (artifact id: '577ec2b30f8adf84f96a38f585a58bc1') in 0.002380 seconds 
  Import took 0.004549 seconds .

========================================================================
Received Import Request.
  Time since last request: 4.225806 seconds.
  path: Assets/Scenes/MATERIALS/New Material.mat
  artifactKey: Guid(877e888b158bcc54ba14b58d40a6cf70) Importer(815301076,1909f56bfc062723c751e8b465ee728b)
Start importing Assets/Scenes/MATERIALS/New Material.mat using Guid(877e888b158bcc54ba14b58d40a6cf70) Importer(815301076,1909f56bfc062723c751e8b465ee728b)  -> (artifact id: 'e5269b4ddef7ec236d4450468cd4a70a') in 0.106370 seconds 
  Import took 0.108770 seconds .

========================================================================
Received Import Request.
  Time since last request: 1.124931 seconds.
  path: Assets/Scenes/MATERIALS/New Material 1.mat
  artifactKey: Guid(915195ef793909c478c1803fda88d17d) Importer(815301076,1909f56bfc062723c751e8b465ee728b)
Start importing Assets/Scenes/MATERIALS/New Material 1.mat using Guid(915195ef793909c478c1803fda88d17d) Importer(815301076,1909f56bfc062723c751e8b465ee728b)  -> (artifact id: '04cf87bd507f3ca2e39967d182b40d47') in 0.011296 seconds 
  Import took 0.013610 seconds .

========================================================================
Received Import Request.
  Time since last request: 78.335335 seconds.
  path: Assets/Scenes/TEXTURES
  artifactKey: Guid(18c7358143d1244448bc35aec998bad1) Importer(815301076,1909f56bfc062723c751e8b465ee728b)
Start importing Assets/Scenes/TEXTURES using Guid(18c7358143d1244448bc35aec998bad1) Importer(815301076,1909f56bfc062723c751e8b465ee728b)  -> (artifact id: '869a49561620d2ffc072bd82349f41b1') in 0.002769 seconds 
  Import took 0.005269 seconds .

========================================================================
Received Import Request.
  Time since last request: 2.827795 seconds.
  path: Assets/Scenes/TEXTURES/fondo-textura-madera_53876-14865.jpg
  artifactKey: Guid(8255f2b8c9e9a724cbef7c959b3a2e45) Importer(815301076,1909f56bfc062723c751e8b465ee728b)
Start importing Assets/Scenes/TEXTURES/fondo-textura-madera_53876-14865.jpg using Guid(8255f2b8c9e9a724cbef7c959b3a2e45) Importer(815301076,1909f56bfc062723c751e8b465ee728b)  -> (artifact id: '681abc4c7981fa91c5819ef5a0c4a4f2') in 0.021537 seconds 
  Import took 0.024510 seconds .

========================================================================
Received Import Request.
  Time since last request: 238.335907 seconds.
  path: Assets/Scenes/MATERIALS/New Material 1.mat
  artifactKey: Guid(915195ef793909c478c1803fda88d17d) Importer(815301076,1909f56bfc062723c751e8b465ee728b)
Start importing Assets/Scenes/MATERIALS/New Material 1.mat using Guid(915195ef793909c478c1803fda88d17d) Importer(815301076,1909f56bfc062723c751e8b465ee728b)  -> (artifact id: 'cf60b9e68dc6f0342d1beceb11ea9a38') in 0.013276 seconds 
  Import took 0.016067 seconds .

========================================================================
Received Import Request.
  Time since last request: 0.000266 seconds.
  path: Assets/Scenes/MATERIALS/New Material.mat
  artifactKey: Guid(877e888b158bcc54ba14b58d40a6cf70) Importer(815301076,1909f56bfc062723c751e8b465ee728b)
Start importing Assets/Scenes/MATERIALS/New Material.mat using Guid(877e888b158bcc54ba14b58d40a6cf70) Importer(815301076,1909f56bfc062723c751e8b465ee728b)  -> (artifact id: '89540d5e50a39066fc92b1390bc4d860') in 0.008443 seconds 
  Import took 0.010623 seconds .

========================================================================
Received Import Request.
  Time since last request: 0.000282 seconds.
  path: Assets/Scenes/MATERIALS/New Material 2.mat
  artifactKey: Guid(05d4baa5c31f6f046a268574a3de9ca4) Importer(815301076,1909f56bfc062723c751e8b465ee728b)
Start importing Assets/Scenes/MATERIALS/New Material 2.mat using Guid(05d4baa5c31f6f046a268574a3de9ca4) Importer(815301076,1909f56bfc062723c751e8b465ee728b)  -> (artifact id: '5bd8d0520670e86451ed1a60a8ffecf1') in 0.012171 seconds 
  Import took 0.015010 seconds .

========================================================================
Received Import Request.
  Time since last request: 26.283981 seconds.
  path: Assets
  artifactKey: Guid(00000000000000001000000000000000) Importer(815301076,1909f56bfc062723c751e8b465ee728b)
Start importing Assets using Guid(00000000000000001000000000000000) Importer(815301076,1909f56bfc062723c751e8b465ee728b)  -> (artifact id: '42d402b061de3733987d63b9cc3b64de') in 0.000950 seconds 
  Import took 0.003853 seconds .

========================================================================
Received Import Request.
  Time since last request: 25.080247 seconds.
  path: Assets/New Prefab.prefab
  artifactKey: Guid(fd1e8284be6bfac439fd423a36032e2c) Importer(815301076,1909f56bfc062723c751e8b465ee728b)
Start importing Assets/New Prefab.prefab using Guid(fd1e8284be6bfac439fd423a36032e2c) Importer(815301076,1909f56bfc062723c751e8b465ee728b)  -> (artifact id: 'a6a71146695c79be5d10bbae9308b130') in 0.012094 seconds 
  Import took 0.014948 seconds .

========================================================================
Received Import Request.
  Time since last request: 8.086758 seconds.
  path: Assets/PLAYER.prefab
  artifactKey: Guid(cb2a450dfb3dbfe42aac68d6eb78c187) Importer(815301076,1909f56bfc062723c751e8b465ee728b)
Start importing Assets/PLAYER.prefab using Guid(cb2a450dfb3dbfe42aac68d6eb78c187) Importer(815301076,1909f56bfc062723c751e8b465ee728b)  -> (artifact id: '1c4e11fecedb1cc2ce41d4071ebd9b12') in 0.017971 seconds 
  Import took 0.020976 seconds .

========================================================================
Received Import Request.
  Time since last request: 13.968550 seconds.
  path: Assets/PLAYER2.prefab
  artifactKey: Guid(492f4905cd0864c4fa734fe9e07a6c69) Importer(815301076,1909f56bfc062723c751e8b465ee728b)
Start importing Assets/PLAYER2.prefab using Guid(492f4905cd0864c4fa734fe9e07a6c69) Importer(815301076,1909f56bfc062723c751e8b465ee728b)  -> (artifact id: '2bdcb43acc35f5595d39fba847499afa') in 0.010554 seconds 
  Import took 0.013665 seconds .

========================================================================
Received Import Request.
  Time since last request: 46.579637 seconds.
  path: Assets/ENEMY.prefab
  artifactKey: Guid(492f4905cd0864c4fa734fe9e07a6c69) Importer(815301076,1909f56bfc062723c751e8b465ee728b)
Start importing Assets/ENEMY.prefab using Guid(492f4905cd0864c4fa734fe9e07a6c69) Importer(815301076,1909f56bfc062723c751e8b465ee728b)  -> (artifact id: 'a2986629c3491bb0157aea32a4c25bef') in 0.008776 seconds 
  Import took 0.011990 seconds .

========================================================================
Received Import Request.
  Time since last request: 17.769602 seconds.
  path: Assets/MATERIALS/GREEN.mat
  artifactKey: Guid(68c4887c29569fd499a720a88369ba79) Importer(815301076,1909f56bfc062723c751e8b465ee728b)
Start importing Assets/MATERIALS/GREEN.mat using Guid(68c4887c29569fd499a720a88369ba79) Importer(815301076,1909f56bfc062723c751e8b465ee728b)  -> (artifact id: '4887e4a83473fe70c0045b6abf91fbea') in 0.014442 seconds 
  Import took 0.017265 seconds .

========================================================================
Received Import Request.
  Time since last request: 4.490935 seconds.
  path: Assets/MATERIALS/RED.mat
  artifactKey: Guid(877e888b158bcc54ba14b58d40a6cf70) Importer(815301076,1909f56bfc062723c751e8b465ee728b)
Start importing Assets/MATERIALS/RED.mat using Guid(877e888b158bcc54ba14b58d40a6cf70) Importer(815301076,1909f56bfc062723c751e8b465ee728b)  -> (artifact id: '9cc9d60720924fc30529094c50ae5d1f') in 0.011180 seconds 
  Import took 0.013724 seconds .

========================================================================
Received Import Request.
  Time since last request: 8.657692 seconds.
  path: Assets/MATERIALS/MATERIAL.mat
  artifactKey: Guid(05d4baa5c31f6f046a268574a3de9ca4) Importer(815301076,1909f56bfc062723c751e8b465ee728b)
Start importing Assets/MATERIALS/MATERIAL.mat using Guid(05d4baa5c31f6f046a268574a3de9ca4) Importer(815301076,1909f56bfc062723c751e8b465ee728b)  -> (artifact id: '3829ccbbbe762775b973383abe5a3ccf') in 0.011210 seconds 
  Import took 0.013729 seconds .

========================================================================
Received Import Request.
  Time since last request: 7.988591 seconds.
  path: Assets/MATERIALS/TRANSPARENT.mat
  artifactKey: Guid(915195ef793909c478c1803fda88d17d) Importer(815301076,1909f56bfc062723c751e8b465ee728b)
Start importing Assets/MATERIALS/TRANSPARENT.mat using Guid(915195ef793909c478c1803fda88d17d) Importer(815301076,1909f56bfc062723c751e8b465ee728b)  -> (artifact id: '43d0a2297a860b30c4cd2f39e7641930') in 0.013352 seconds 
  Import took 0.016282 seconds .

========================================================================
Received Import Request.
  Time since last request: 8.616807 seconds.
  path: Assets/MATERIALS/GREEN.mat
  artifactKey: Guid(68c4887c29569fd499a720a88369ba79) Importer(815301076,1909f56bfc062723c751e8b465ee728b)
Start importing Assets/MATERIALS/GREEN.mat using Guid(68c4887c29569fd499a720a88369ba79) Importer(815301076,1909f56bfc062723c751e8b465ee728b)  -> (artifact id: 'b0536435ba88a625ba4d9c954f9b6fc3') in 0.007764 seconds 
  Import took 0.010224 seconds .

========================================================================
Received Import Request.
  Time since last request: 6.211410 seconds.
  path: Assets/MATERIALS/MADERA_2.mat
  artifactKey: Guid(9b3c07385db09e84285789b94c628812) Importer(815301076,1909f56bfc062723c751e8b465ee728b)
Start importing Assets/MATERIALS/MADERA_2.mat using Guid(9b3c07385db09e84285789b94c628812) Importer(815301076,1909f56bfc062723c751e8b465ee728b)  -> (artifact id: '5197eea3decbdf791424f6f44e549d15') in 0.010801 seconds 
  Import took 0.013602 seconds .

========================================================================
Received Import Request.
  Time since last request: 4.912721 seconds.
  path: Assets/MATERIALS/MADERA_1.mat
  artifactKey: Guid(05d4baa5c31f6f046a268574a3de9ca4) Importer(815301076,1909f56bfc062723c751e8b465ee728b)
Start importing Assets/MATERIALS/MADERA_1.mat using Guid(05d4baa5c31f6f046a268574a3de9ca4) Importer(815301076,1909f56bfc062723c751e8b465ee728b)  -> (artifact id: 'e6a286bc391e65b278e1970977ead2b5') in 0.017159 seconds 
  Import took 0.019754 seconds .

========================================================================
Received Import Request.
  Time since last request: 40.829298 seconds.
  path: Assets/PREFABS
  artifactKey: Guid(e87458d1a624c264b91e1d43cb0fe2e7) Importer(815301076,1909f56bfc062723c751e8b465ee728b)
Start importing Assets/PREFABS using Guid(e87458d1a624c264b91e1d43cb0fe2e7) Importer(815301076,1909f56bfc062723c751e8b465ee728b)  -> (artifact id: '50de7fad61e0ffec578b5ac34e457fdc') in 0.002469 seconds 
  Import took 0.004915 seconds .

========================================================================
Received Import Request.
  Time since last request: 116.709541 seconds.
  path: Assets/Scenes/ENTREGABLE1.unity
  artifactKey: Guid(9fc0d4010bbf28b4594072e72b8655ab) Importer(815301076,1909f56bfc062723c751e8b465ee728b)
Start importing Assets/Scenes/ENTREGABLE1.unity using Guid(9fc0d4010bbf28b4594072e72b8655ab) Importer(815301076,1909f56bfc062723c751e8b465ee728b)  -> (artifact id: '5c2e7de76036ebd427388688b4855a6e') in 0.001637 seconds 
  Import took 0.004365 seconds .

AssetImportWorkerClient::OnTransportError - code=2 error=End of file
